<?xml version="1.0" encoding="UTF-8"?>
<!-- Generated by org.testng.reporters.JUnitXMLReporter -->
<testsuite hostname="DESKTOP-ROU6JO4" ignored="0" name="Test3" tests="7" failures="0" timestamp="2020-09-29T23:51:59 IST" time="48.649" errors="0">
  <testcase name="ValidateConsumables" time="15.771" classname="Academy.ProductspageTest"/>
  <testcase name="ValidateEquipment" time="6.925" classname="Academy.ProductspageTest"/>
  <testcase name="ValidateGlassware" time="7.891" classname="Academy.ProductspageTest"/>
  <testcase name="ValidateSurgicals" time="6.747" classname="Academy.ProductspageTest"/>
  <testcase name="Validatelistofproducts" time="0.352" classname="Academy.ProductspageTest"/>
  <testcase name="Validateproductspageelementspresent" time="0.29" classname="Academy.ProductspageTest"/>
  <testcase name="Validateproductspageelementstext" time="0.27" classname="Academy.ProductspageTest"/>
</testsuite> <!-- Test3 -->
