<?xml version="1.0" encoding="UTF-8"?>
<!-- Generated by org.testng.reporters.JUnitXMLReporter -->
<testsuite hostname="DESKTOP-ROU6JO4" ignored="0" name="Test6" tests="3" failures="0" timestamp="2020-09-29T23:52:42 IST" time="12.333" errors="0">
  <testcase name="ValidateListofcustomers" time="0.954" classname="Academy.CustomersPageTest"/>
  <testcase name="Validatecustomerspageelementspresent" time="0.292" classname="Academy.CustomersPageTest"/>
  <testcase name="Validatecustomerspageelementtext" time="0.298" classname="Academy.CustomersPageTest"/>
</testsuite> <!-- Test6 -->
