<?xml version="1.0" encoding="UTF-8"?>
<!-- Generated by org.testng.reporters.JUnitXMLReporter -->
<testsuite hostname="DESKTOP-ROU6JO4" ignored="0" name="Test7" tests="3" failures="0" timestamp="2020-09-29T23:53:04 IST" time="22.077" errors="0">
  <testcase name="Validatecontactuspageelementstext" time="3.575" classname="Academy.ContactuspageTest"/>
  <testcase name="Validatedataentrycontactform" time="6.238" classname="Academy.ContactuspageTest"/>
  <testcase name="Validatesendyourmessagewithoutdata" time="0.648" classname="Academy.ContactuspageTest"/>
</testsuite> <!-- Test7 -->
