<?xml version="1.0" encoding="UTF-8"?>
<!-- Generated by org.testng.reporters.JUnitXMLReporter -->
<testsuite hostname="DESKTOP-ROU6JO4" ignored="0" name="Test5" tests="4" failures="0" timestamp="2020-09-29T23:52:30 IST" time="19.621" errors="0">
  <testcase name="ValidateEnquirysend" time="1.711" classname="Academy.EnquiryPageTest"/>
  <testcase name="ValidateEnquirysend" time="2.464" classname="Academy.EnquiryPageTest"/>
  <testcase name="Validateenquirypageelementstext" time="4.641" classname="Academy.EnquiryPageTest"/>
  <testcase name="Validatesendyourquirywithoutdata" time="0.553" classname="Academy.EnquiryPageTest"/>
</testsuite> <!-- Test5 -->
