<?xml version="1.0" encoding="UTF-8"?>
<!-- Generated by org.testng.reporters.JUnitXMLReporter -->
<testsuite ignored="0" hostname="DESKTOP-ROU6JO4" failures="0" tests="3" name="Test7" time="0.029" errors="0" timestamp="2020-09-30T23:18:32 IST">
  <testcase classname="Academy.ContactuspageTest" name="@BeforeTest initialise" time="0.022">
    <failure type="java.lang.IllegalStateException" message="The driver executable does not exist: C:\Users\RASH\eclipse-workspace\E2EProject\src\Drivers\geckodriver.exe">
      <![CDATA[java.lang.IllegalStateException: The driver executable does not exist: C:\Users\RASH\eclipse-workspace\E2EProject\src\Drivers\geckodriver.exe
at com.google.common.base.Preconditions.checkState(Preconditions.java:585)
at org.openqa.selenium.remote.service.DriverService.checkExecutable(DriverService.java:146)
at org.openqa.selenium.remote.service.DriverService.findExecutable(DriverService.java:141)
at org.openqa.selenium.firefox.GeckoDriverService.access$100(GeckoDriverService.java:44)
at org.openqa.selenium.firefox.GeckoDriverService$Builder.findDefaultExecutable(GeckoDriverService.java:167)
at org.openqa.selenium.remote.service.DriverService$Builder.build(DriverService.java:355)
at org.openqa.selenium.firefox.FirefoxDriver.toExecutor(FirefoxDriver.java:190)
at org.openqa.selenium.firefox.FirefoxDriver.<init>(FirefoxDriver.java:147)
at org.openqa.selenium.firefox.FirefoxDriver.<init>(FirefoxDriver.java:125)
at resource.base.initialisebrowser(base.java:52)
at Academy.ContactuspageTest.initialise(ContactuspageTest.java:23)
... Removed 28 stack frames]]>
    </failure>
  </testcase> <!-- @BeforeTest initialise -->
  <testcase classname="Academy.ContactuspageTest" name="@AfterTest teardown" time="-1.601488112337E9">
    <skipped/>
  </testcase> <!-- @AfterTest teardown -->
  <testcase classname="Academy.ContactuspageTest" name="Validatecontactuspageelementstext" time="0.0">
    <skipped/>
  </testcase> <!-- Validatecontactuspageelementstext -->
  <testcase classname="Academy.ContactuspageTest" name="Validatedataentrycontactform" time="0.0">
    <skipped/>
  </testcase> <!-- Validatedataentrycontactform -->
  <testcase classname="Academy.ContactuspageTest" name="Validatesendyourmessagewithoutdata" time="0.0">
    <skipped/>
  </testcase> <!-- Validatesendyourmessagewithoutdata -->
</testsuite> <!-- Test7 -->
