<?xml version="1.0" encoding="UTF-8"?>
<testsuite xmlns:xsi="http://www.w3.org/2001/XMLSchema-instance" xsi:noNamespaceSchemaLocation="https://maven.apache.org/surefire/maven-surefire-plugin/xsd/surefire-test-report-3.0.xsd" version="3.0" name="TestSuite" time="4.484" tests="36" errors="0" skipped="29" failures="7">
  <properties>
[...]
</properties>
  <testcase name="initialise" classname="Academy.AboutpageTest" time="2.304">
    <failure message="The driver executable does not exist: C:\Users\RASH\eclipse-workspace\E2EProject\src\Drivers\geckodriver.exe" type="java.lang.IllegalStateException"><![CDATA[java.lang.IllegalStateException: The driver executable does not exist: C:\Users\RASH\eclipse-workspace\E2EProject\src\Drivers\geckodriver.exe
	at Academy.AboutpageTest.initialise(AboutpageTest.java:22)
]]></failure>
  </testcase>
  <testcase name="Validateaboutpageelementpresent" classname="Academy.AboutpageTest" time="0">
    <skipped message="The driver executable does not exist: C:\Users\RASH\eclipse-workspace\E2EProject\src\Drivers\geckodriver.exe"/>
  </testcase>
  <testcase name="Validateaboutpageelementtext" classname="Academy.AboutpageTest" time="0">
    <skipped message="The driver executable does not exist: C:\Users\RASH\eclipse-workspace\E2EProject\src\Drivers\geckodriver.exe"/>
  </testcase>
  <testcase name="teardown" classname="Academy.AboutpageTest" time="0">
    <skipped/>
  </testcase>
  <testcase name="initialise" classname="Academy.ScrollingElementTest" time="0.603">
    <failure message="The driver executable does not exist: C:\Users\RASH\eclipse-workspace\E2EProject\src\Drivers\geckodriver.exe" type="java.lang.IllegalStateException"><![CDATA[java.lang.IllegalStateException: The driver executable does not exist: C:\Users\RASH\eclipse-workspace\E2EProject\src\Drivers\geckodriver.exe
	at Academy.ScrollingElementTest.initialise(ScrollingElementTest.java:27)
]]></failure>
  </testcase>
  <testcase name="ValidateScrollingElement" classname="Academy.ScrollingElementTest" time="0">
    <skipped message="The driver executable does not exist: C:\Users\RASH\eclipse-workspace\E2EProject\src\Drivers\geckodriver.exe"/>
  </testcase>
  <testcase name="teardown" classname="Academy.ScrollingElementTest" time="0">
    <skipped/>
  </testcase>
  <testcase name="initialise" classname="Academy.ProductspageTest" time="0.059">
    <failure message="The driver executable does not exist: C:\Users\RASH\eclipse-workspace\E2EProject\src\Drivers\geckodriver.exe" type="java.lang.IllegalStateException"><![CDATA[java.lang.IllegalStateException: The driver executable does not exist: C:\Users\RASH\eclipse-workspace\E2EProject\src\Drivers\geckodriver.exe
	at Academy.ProductspageTest.initialise(ProductspageTest.java:24)
]]></failure>
  </testcase>
  <testcase name="ValidateConsumables" classname="Academy.ProductspageTest" time="0">
    <skipped message="The driver executable does not exist: C:\Users\RASH\eclipse-workspace\E2EProject\src\Drivers\geckodriver.exe"/>
  </testcase>
  <testcase name="ValidateEquipment" classname="Academy.ProductspageTest" time="0">
    <skipped message="The driver executable does not exist: C:\Users\RASH\eclipse-workspace\E2EProject\src\Drivers\geckodriver.exe"/>
  </testcase>
  <testcase name="ValidateGlassware" classname="Academy.ProductspageTest" time="0">
    <skipped message="The driver executable does not exist: C:\Users\RASH\eclipse-workspace\E2EProject\src\Drivers\geckodriver.exe"/>
  </testcase>
  <testcase name="ValidateSurgicals" classname="Academy.ProductspageTest" time="0">
    <skipped message="The driver executable does not exist: C:\Users\RASH\eclipse-workspace\E2EProject\src\Drivers\geckodriver.exe"/>
  </testcase>
  <testcase name="Validatelistofproducts" classname="Academy.ProductspageTest" time="0">
    <skipped message="The driver executable does not exist: C:\Users\RASH\eclipse-workspace\E2EProject\src\Drivers\geckodriver.exe"/>
  </testcase>
  <testcase name="Validateproductspageelementspresent" classname="Academy.ProductspageTest" time="0">
    <skipped message="The driver executable does not exist: C:\Users\RASH\eclipse-workspace\E2EProject\src\Drivers\geckodriver.exe"/>
  </testcase>
  <testcase name="Validateproductspageelementstext" classname="Academy.ProductspageTest" time="0">
    <skipped message="The driver executable does not exist: C:\Users\RASH\eclipse-workspace\E2EProject\src\Drivers\geckodriver.exe"/>
  </testcase>
  <testcase name="teardown" classname="Academy.ProductspageTest" time="0">
    <skipped/>
  </testcase>
  <testcase name="initialise" classname="Academy.Homepagetest" time="0.072">
    <failure message="The driver executable does not exist: C:\Users\RASH\eclipse-workspace\E2EProject\src\Drivers\geckodriver.exe" type="java.lang.IllegalStateException"><![CDATA[java.lang.IllegalStateException: The driver executable does not exist: C:\Users\RASH\eclipse-workspace\E2EProject\src\Drivers\geckodriver.exe
	at Academy.Homepagetest.initialise(Homepagetest.java:19)
]]></failure>
  </testcase>
  <testcase name="Validatehomepageelementtext" classname="Academy.Homepagetest" time="0">
    <skipped message="The driver executable does not exist: C:\Users\RASH\eclipse-workspace\E2EProject\src\Drivers\geckodriver.exe"/>
  </testcase>
  <testcase name="validatehomepageelementspresent" classname="Academy.Homepagetest" time="0">
    <skipped message="The driver executable does not exist: C:\Users\RASH\eclipse-workspace\E2EProject\src\Drivers\geckodriver.exe"/>
  </testcase>
  <testcase name="teardown" classname="Academy.Homepagetest" time="0">
    <skipped/>
  </testcase>
  <testcase name="initialise" classname="Academy.EnquiryPageTest" time="0.066">
    <failure message="The driver executable does not exist: C:\Users\RASH\eclipse-workspace\E2EProject\src\Drivers\geckodriver.exe" type="java.lang.IllegalStateException"><![CDATA[java.lang.IllegalStateException: The driver executable does not exist: C:\Users\RASH\eclipse-workspace\E2EProject\src\Drivers\geckodriver.exe
	at Academy.EnquiryPageTest.initialise(EnquiryPageTest.java:20)
]]></failure>
  </testcase>
  <testcase name="ValidateEnquirysend[Test1, company1, Test Manager1, 13456789, Test1@test.com, Regarding enquiry of test1](1)" classname="Academy.EnquiryPageTest" time="0">
    <skipped message="The driver executable does not exist: C:\Users\RASH\eclipse-workspace\E2EProject\src\Drivers\geckodriver.exe"/>
  </testcase>
  <testcase name="ValidateEnquirysend[Test2, company2, Test Manager2, 98765431, Test2@test.com, Regarding enquiry of test2](2)" classname="Academy.EnquiryPageTest" time="0">
    <skipped message="The driver executable does not exist: C:\Users\RASH\eclipse-workspace\E2EProject\src\Drivers\geckodriver.exe"/>
  </testcase>
  <testcase name="Validateenquirypageelementstext" classname="Academy.EnquiryPageTest" time="0">
    <skipped message="The driver executable does not exist: C:\Users\RASH\eclipse-workspace\E2EProject\src\Drivers\geckodriver.exe"/>
  </testcase>
  <testcase name="Validatesendyourquirywithoutdata" classname="Academy.EnquiryPageTest" time="0">
    <skipped message="The driver executable does not exist: C:\Users\RASH\eclipse-workspace\E2EProject\src\Drivers\geckodriver.exe"/>
  </testcase>
  <testcase name="teardown" classname="Academy.EnquiryPageTest" time="0">
    <skipped/>
  </testcase>
  <testcase name="initialise" classname="Academy.CustomersPageTest" time="0.043">
    <failure message="The driver executable does not exist: C:\Users\RASH\eclipse-workspace\E2EProject\src\Drivers\geckodriver.exe" type="java.lang.IllegalStateException"><![CDATA[java.lang.IllegalStateException: The driver executable does not exist: C:\Users\RASH\eclipse-workspace\E2EProject\src\Drivers\geckodriver.exe
	at Academy.CustomersPageTest.initialise(CustomersPageTest.java:23)
]]></failure>
  </testcase>
  <testcase name="ValidateListofcustomers" classname="Academy.CustomersPageTest" time="0">
    <skipped message="The driver executable does not exist: C:\Users\RASH\eclipse-workspace\E2EProject\src\Drivers\geckodriver.exe"/>
  </testcase>
  <testcase name="Validatecustomerspageelementspresent" classname="Academy.CustomersPageTest" time="0">
    <skipped message="The driver executable does not exist: C:\Users\RASH\eclipse-workspace\E2EProject\src\Drivers\geckodriver.exe"/>
  </testcase>
  <testcase name="Validatecustomerspageelementtext" classname="Academy.CustomersPageTest" time="0">
    <skipped message="The driver executable does not exist: C:\Users\RASH\eclipse-workspace\E2EProject\src\Drivers\geckodriver.exe"/>
  </testcase>
  <testcase name="teardown" classname="Academy.CustomersPageTest" time="0">
    <skipped/>
  </testcase>
  <testcase name="initialise" classname="Academy.ContactuspageTest" time="0.052">
    <failure message="The driver executable does not exist: C:\Users\RASH\eclipse-workspace\E2EProject\src\Drivers\geckodriver.exe" type="java.lang.IllegalStateException"><![CDATA[java.lang.IllegalStateException: The driver executable does not exist: C:\Users\RASH\eclipse-workspace\E2EProject\src\Drivers\geckodriver.exe
	at Academy.ContactuspageTest.initialise(ContactuspageTest.java:23)
]]></failure>
  </testcase>
  <testcase name="Validatecontactuspageelementstext" classname="Academy.ContactuspageTest" time="0">
    <skipped message="The driver executable does not exist: C:\Users\RASH\eclipse-workspace\E2EProject\src\Drivers\geckodriver.exe"/>
  </testcase>
  <testcase name="Validatedataentrycontactform" classname="Academy.ContactuspageTest" time="0">
    <skipped message="The driver executable does not exist: C:\Users\RASH\eclipse-workspace\E2EProject\src\Drivers\geckodriver.exe"/>
  </testcase>
  <testcase name="Validatesendyourmessagewithoutdata" classname="Academy.ContactuspageTest" time="0">
    <skipped message="The driver executable does not exist: C:\Users\RASH\eclipse-workspace\E2EProject\src\Drivers\geckodriver.exe"/>
  </testcase>
  <testcase name="teardown" classname="Academy.ContactuspageTest" time="0">
    <skipped/>
  </testcase>
</testsuite>